Logging started at 2024-06-04 18:28:03
2024-06-04 18:28:09 - Записи успешно прочитаны
2024-06-04 18:28:26 - Запись успешно создана
2024-06-04 18:28:29 - Не удалось прочитать записи: Error transferring http://localhost:8000/students/ - server replied: Internal Server Error
Logging started at 2024-06-04 19:05:33
2024-06-04 19:06:15 - Запись успешно создана
Logging started at 2024-06-06 19:01:46
Logging started at 2024-06-06 19:10:39
2024-06-06 19:10:45 - Не удалось создать запись: Error transferring http://localhost:8000/students/ - server replied: Unprocessable Entity
Logging started at 2024-06-06 20:53:00
2024-06-06 20:53:05 - Не удалось прочитать записи: Connection refused
Logging started at 2024-06-06 20:54:27
2024-06-06 20:54:31 - Не удалось прочитать записи: Error transferring http://localhost:8000/students/ - server replied: Internal Server Error
2024-06-06 20:56:26 - Запись успешно удалена
2024-06-06 20:56:29 - Запись успешно удалена
2024-06-06 20:56:33 - Ошибка при удалении записи
Logging started at 2024-06-06 20:57:01
2024-06-06 20:57:10 - Запись успешно прочитана: Чуйкин П.А.
Logging started at 2024-06-06 21:03:57
Logging started at 2024-06-06 21:08:45
Logging started at 2024-06-06 21:09:35
2024-06-06 21:10:03 - Не удалось создать запись: Error transferring http://localhost:8000/students/ - server replied: Unprocessable Entity
2024-06-06 21:10:23 - Не удалось создать запись: Error transferring http://localhost:8000/students/ - server replied: Unprocessable Entity
Logging started at 2024-06-06 21:12:05
2024-06-06 21:12:28 - Запись успешно создана
2024-06-06 21:12:34 - Не удалось прочитать записи: Error transferring http://localhost:8000/students/ - server replied: Internal Server Error
2024-06-06 21:12:47 - Фото успешно загружено
Logging started at 2024-06-06 21:12:58
2024-06-06 21:13:06 - Запись успешно прочитана: Иванов И.И.
